Using pre-set license
Built from '2022.3/release' branch; Version is '2022.3.12f1 (4fe6e059c7ef) revision 5236448'; Using compiler version '192829333'; Build Type 'Release'
OS: 'Windows 10  (10.0.19045) 64bit Professional' Language: 'es' Physical Memory: 16335 MB
BatchMode: 1, IsHumanControllingUs: 0, StartBugReporterOnCrash: 0, Is64bit: 1, IsPro: 1

COMMAND LINE ARGUMENTS:
D:\Program Files\UNITY\2022.3.12f1\Editor\Unity.exe
-adb2
-batchMode
-noUpm
-name
AssetImportWorker4
-projectPath
D:/GITHUB/GETOUT-Project/GET-OUT
-logFile
Logs/AssetImportWorker4.log
-srvPort
50806
Successfully changed project path to: D:/GITHUB/GETOUT-Project/GET-OUT
D:/GITHUB/GETOUT-Project/GET-OUT
[UnityMemory] Configuration Parameters - Can be set up in boot.config
    "memorysetup-bucket-allocator-granularity=16"
    "memorysetup-bucket-allocator-bucket-count=8"
    "memorysetup-bucket-allocator-block-size=33554432"
    "memorysetup-bucket-allocator-block-count=8"
    "memorysetup-main-allocator-block-size=16777216"
    "memorysetup-thread-allocator-block-size=16777216"
    "memorysetup-gfx-main-allocator-block-size=16777216"
    "memorysetup-gfx-thread-allocator-block-size=16777216"
    "memorysetup-cache-allocator-block-size=4194304"
    "memorysetup-typetree-allocator-block-size=2097152"
    "memorysetup-profiler-bucket-allocator-granularity=16"
    "memorysetup-profiler-bucket-allocator-bucket-count=8"
    "memorysetup-profiler-bucket-allocator-block-size=33554432"
    "memorysetup-profiler-bucket-allocator-block-count=8"
    "memorysetup-profiler-allocator-block-size=16777216"
    "memorysetup-profiler-editor-allocator-block-size=1048576"
    "memorysetup-temp-allocator-size-main=16777216"
    "memorysetup-job-temp-allocator-block-size=2097152"
    "memorysetup-job-temp-allocator-block-size-background=1048576"
    "memorysetup-job-temp-allocator-reduction-small-platforms=262144"
    "memorysetup-allocator-temp-initial-block-size-main=262144"
    "memorysetup-allocator-temp-initial-block-size-worker=262144"
    "memorysetup-temp-allocator-size-background-worker=32768"
    "memorysetup-temp-allocator-size-job-worker=262144"
    "memorysetup-temp-allocator-size-preload-manager=33554432"
    "memorysetup-temp-allocator-size-nav-mesh-worker=65536"
    "memorysetup-temp-allocator-size-audio-worker=65536"
    "memorysetup-temp-allocator-size-cloud-worker=32768"
    "memorysetup-temp-allocator-size-gi-baking-worker=262144"
    "memorysetup-temp-allocator-size-gfx=262144"
Player connection [31196] Host "[IP] 192.168.1.48 [Port] 0 [Flags] 2 [Guid] 4270572143 [EditorId] 4270572143 [Version] 1048832 [Id] WindowsEditor(7,DESKTOP-CIIE9HB) [Debug] 1 [PackageName] WindowsEditor [ProjectName] Editor" joined multi-casting on [225.0.0.222:54997]...

Player connection [31196] Host "[IP] 192.168.1.48 [Port] 0 [Flags] 2 [Guid] 4270572143 [EditorId] 4270572143 [Version] 1048832 [Id] WindowsEditor(7,DESKTOP-CIIE9HB) [Debug] 1 [PackageName] WindowsEditor [ProjectName] Editor" joined alternative multi-casting on [225.0.0.222:34997]...

[Physics::Module] Initialized MultithreadedJobDispatcher with 11 workers.
Refreshing native plugins compatible for Editor in 17.98 ms, found 3 plugins.
Preloading 0 native plugins for Editor in 0.00 ms.
Initialize engine version: 2022.3.12f1 (4fe6e059c7ef)
[Subsystems] Discovering subsystems at path D:/Program Files/UNITY/2022.3.12f1/Editor/Data/Resources/UnitySubsystems
[Subsystems] Discovering subsystems at path D:/GITHUB/GETOUT-Project/GET-OUT/Assets
GfxDevice: creating device client; threaded=0; jobified=0
Direct3D:
    Version:  Direct3D 11.0 [level 11.1]
    Renderer: AMD Radeon RX 6600 (ID=0x73ff)
    Vendor:   ATI
    VRAM:     8147 MB
    Driver:   31.0.24033.1003
Initialize mono
Mono path[0] = 'D:/Program Files/UNITY/2022.3.12f1/Editor/Data/Managed'
Mono path[1] = 'D:/Program Files/UNITY/2022.3.12f1/Editor/Data/MonoBleedingEdge/lib/mono/unityjit-win32'
Mono config path = 'D:/Program Files/UNITY/2022.3.12f1/Editor/Data/MonoBleedingEdge/etc'
Using monoOptions --debugger-agent=transport=dt_socket,embedding=1,server=y,suspend=n,address=127.0.0.1:56324
Begin MonoManager ReloadAssembly
Registering precompiled unity dll's ...
Register platform support module: D:/Program Files/UNITY/2022.3.12f1/Editor/Data/PlaybackEngines/WindowsStandaloneSupport/UnityEditor.WindowsStandalone.Extensions.dll
Registered in 0.005589 seconds.
- Loaded All Assemblies, in  0.475 seconds
Native extension for WindowsStandalone target not found
Mono: successfully reloaded assembly
- Finished resetting the current domain, in  0.378 seconds
Domain Reload Profiling: 853ms
	BeginReloadAssembly (164ms)
		ExecutionOrderSort (0ms)
		DisableScriptedObjects (0ms)
		BackupInstance (0ms)
		ReleaseScriptingObjects (0ms)
		CreateAndSetChildDomain (1ms)
	RebuildCommonClasses (50ms)
	RebuildNativeTypeToScriptingClass (14ms)
	initialDomainReloadingComplete (68ms)
	LoadAllAssembliesAndSetupDomain (179ms)
		LoadAssemblies (162ms)
		RebuildTransferFunctionScriptingTraits (0ms)
		AnalyzeDomain (176ms)
			TypeCache.Refresh (174ms)
				TypeCache.ScanAssembly (157ms)
			ScanForSourceGeneratedMonoScriptInfo (0ms)
			ResolveRequiredComponents (1ms)
	FinalizeReload (379ms)
		ReleaseScriptCaches (0ms)
		RebuildScriptCaches (0ms)
		SetupLoadedEditorAssemblies (295ms)
			LogAssemblyErrors (0ms)
			InitializePlatformSupportModulesInManaged (11ms)
			SetLoadedEditorAssemblies (12ms)
			RefreshPlugins (0ms)
			BeforeProcessingInitializeOnLoad (3ms)
			ProcessInitializeOnLoadAttributes (202ms)
			ProcessInitializeOnLoadMethodAttributes (66ms)
			AfterProcessingInitializeOnLoad (0ms)
			EditorAssembliesLoaded (0ms)
		ExecutionOrderSort2 (0ms)
		AwakeInstancesAfterBackupRestoration (0ms)
========================================================================
Worker process is ready to serve import requests
Begin MonoManager ReloadAssembly
- Loaded All Assemblies, in  0.902 seconds
Refreshing native plugins compatible for Editor in 3.86 ms, found 3 plugins.
Native extension for WindowsStandalone target not found
Package Manager log level set to [2]
[Package Manager] Server::EnsureServerProcessIsRunning -- launch failed, reason: Unity was launched with the -noUpm command-line argument
[Package Manager] UpmClient::Send -- Unable to send message (not connected to UPM process).
[Package Manager] Cannot connect to Unity Package Manager local server
Mono: successfully reloaded assembly
- Finished resetting the current domain, in  1.313 seconds
Domain Reload Profiling: 2215ms
	BeginReloadAssembly (201ms)
		ExecutionOrderSort (0ms)
		DisableScriptedObjects (8ms)
		BackupInstance (0ms)
		ReleaseScriptingObjects (0ms)
		CreateAndSetChildDomain (28ms)
	RebuildCommonClasses (46ms)
	RebuildNativeTypeToScriptingClass (14ms)
	initialDomainReloadingComplete (50ms)
	LoadAllAssembliesAndSetupDomain (591ms)
		LoadAssemblies (448ms)
		RebuildTransferFunctionScriptingTraits (0ms)
		AnalyzeDomain (261ms)
			TypeCache.Refresh (217ms)
				TypeCache.ScanAssembly (199ms)
			ScanForSourceGeneratedMonoScriptInfo (29ms)
			ResolveRequiredComponents (14ms)
	FinalizeReload (1314ms)
		ReleaseScriptCaches (0ms)
		RebuildScriptCaches (0ms)
		SetupLoadedEditorAssemblies (1089ms)
			LogAssemblyErrors (0ms)
			InitializePlatformSupportModulesInManaged (7ms)
			SetLoadedEditorAssemblies (6ms)
			RefreshPlugins (0ms)
			BeforeProcessingInitializeOnLoad (178ms)
			ProcessInitializeOnLoadAttributes (811ms)
			ProcessInitializeOnLoadMethodAttributes (83ms)
			AfterProcessingInitializeOnLoad (4ms)
			EditorAssembliesLoaded (0ms)
		ExecutionOrderSort2 (0ms)
		AwakeInstancesAfterBackupRestoration (9ms)
Launched and connected shader compiler UnityShaderCompiler.exe after 0.08 seconds
Refreshing native plugins compatible for Editor in 4.04 ms, found 3 plugins.
Preloading 0 native plugins for Editor in 0.00 ms.
Unloading 5319 Unused Serialized files (Serialized files now loaded: 0)
Unloading 70 unused Assets / (414.6 KB). Loaded Objects now: 5784.
Memory consumption went from 217.5 MB to 217.1 MB.
Total: 7.388200 ms (FindLiveObjects: 0.816900 ms CreateObjectMapping: 0.646100 ms MarkObjects: 5.605000 ms  DeleteObjects: 0.318100 ms)

AssetImportParameters requested are different than current active one (requested -> active):
  custom:container-demuxer-ogg: 62fdf1f143b41e24485cea50d1cbac27 -> 
  custom:video-decoder-ogg-theora: a1e56fd34408186e4bbccfd4996cb3dc -> 
  custom:framework-win-MediaFoundation: 216162199b28c13a410421893ffa2e32 -> 
  custom:CustomObjectIndexerAttribute: a3ef5dd2817f97addfee359851a9dba5 -> 
  custom:container-demuxer-webm: 4f35f7cbe854078d1ac9338744f61a02 -> 
  custom:container-muxer-webm: aa71ff27fc2769a1b78a27578f13a17b -> 
  custom:video-decoder-webm-vp8: 9c59270c3fd7afecdb556c50c9e8de78 -> 
  custom:SearchIndexIgnoredProperties: e643bd26f0fe6173181afceb89e7c659 -> 
  custom:AudioImporter_EditorPlatform: d09bf68614088b80899f8185d706f6e7 -> 
  custom:video-encoder-webm-vp8: eb34c28f22e8b96e1ab97ce403110664 -> 
  custom:audio-decoder-ogg-vorbis: bf7c407c2cedff20999df2af8eb42d56 -> 
  custom:audio-encoder-webm-vorbis: bf7c407c2cedff20999df2af8eb42d56 -> 
========================================================================
Received Import Request.
  Time since last request: 152263.187786 seconds.
  path: Assets/Materials/RicardoMat.mat
  artifactKey: Guid(7fea87578f5c19b4c952dec3109778df) Importer(815301076,1909f56bfc062723c751e8b465ee728b)
Start importing Assets/Materials/RicardoMat.mat using Guid(7fea87578f5c19b4c952dec3109778df) Importer(815301076,1909f56bfc062723c751e8b465ee728b)  -> (artifact id: '0a6a839d3c644bdd7edac923863f8dc7') in 0.437809 seconds
Number of updated asset objects reloaded before import = 0
Number of asset objects unloaded after import = 4
========================================================================
Received Import Request.
  Time since last request: 8.641857 seconds.
  path: Assets/Materials/BathroomFloorMat.mat
  artifactKey: Guid(c5153f11a30eb834784a7bf1c867cf48) Importer(815301076,1909f56bfc062723c751e8b465ee728b)
Start importing Assets/Materials/BathroomFloorMat.mat using Guid(c5153f11a30eb834784a7bf1c867cf48) Importer(815301076,1909f56bfc062723c751e8b465ee728b)  -> (artifact id: 'ec5db8dfdc83f9bb2fe8f49d78dae4b9') in 0.014302 seconds
Number of updated asset objects reloaded before import = 0
Number of asset objects unloaded after import = 5
========================================================================
Received Import Request.
  Time since last request: 5.488874 seconds.
  path: Assets/Materials/BathroomWallMat.mat
  artifactKey: Guid(d002934c2ce5ebe44b45bd6b673980d4) Importer(815301076,1909f56bfc062723c751e8b465ee728b)
Start importing Assets/Materials/BathroomWallMat.mat using Guid(d002934c2ce5ebe44b45bd6b673980d4) Importer(815301076,1909f56bfc062723c751e8b465ee728b)  -> (artifact id: 'a7ef71d5bd4c4c1cb263121f9be08961') in 0.013834 seconds
Number of updated asset objects reloaded before import = 0
Number of asset objects unloaded after import = 7
========================================================================
Received Import Request.
  Time since last request: 9.465406 seconds.
  path: Assets/Materials/ConcreteWallMat.mat
  artifactKey: Guid(f8179f66834c8af44ae750caf1c0d6eb) Importer(815301076,1909f56bfc062723c751e8b465ee728b)
Start importing Assets/Materials/ConcreteWallMat.mat using Guid(f8179f66834c8af44ae750caf1c0d6eb) Importer(815301076,1909f56bfc062723c751e8b465ee728b)  -> (artifact id: 'c03f6066c35f0acf00797ea29578cb4f') in 0.009517 seconds
Number of updated asset objects reloaded before import = 0
Number of asset objects unloaded after import = 3
========================================================================
Received Import Request.
  Time since last request: 4.475977 seconds.
  path: Assets/Materials/DirtFloorMat.mat
  artifactKey: Guid(5ddfb73f8b0a33a4ba21031b556dd92c) Importer(815301076,1909f56bfc062723c751e8b465ee728b)
Start importing Assets/Materials/DirtFloorMat.mat using Guid(5ddfb73f8b0a33a4ba21031b556dd92c) Importer(815301076,1909f56bfc062723c751e8b465ee728b)  -> (artifact id: 'f2271ef1194bdf3ff23d5b2e2ca928f3') in 0.011047 seconds
Number of updated asset objects reloaded before import = 0
Number of asset objects unloaded after import = 3
========================================================================
Received Import Request.
  Time since last request: 5.051642 seconds.
  path: Assets/Materials/DoorMat.mat
  artifactKey: Guid(0b31b1dd938544b4084c75d68edae829) Importer(815301076,1909f56bfc062723c751e8b465ee728b)
Start importing Assets/Materials/DoorMat.mat using Guid(0b31b1dd938544b4084c75d68edae829) Importer(815301076,1909f56bfc062723c751e8b465ee728b)  -> (artifact id: '5b73923b675a82284a9c40ffde2ccfdb') in 0.012295 seconds
Number of updated asset objects reloaded before import = 0
Number of asset objects unloaded after import = 3
========================================================================
Received Import Request.
  Time since last request: 6.050435 seconds.
  path: Assets/Materials/FenceMat.mat
  artifactKey: Guid(937f3013e95e35d42b6973883abbbcea) Importer(815301076,1909f56bfc062723c751e8b465ee728b)
Start importing Assets/Materials/FenceMat.mat using Guid(937f3013e95e35d42b6973883abbbcea) Importer(815301076,1909f56bfc062723c751e8b465ee728b)  -> (artifact id: '0d0fee46a12eb96ec36a2f0a57fdf5a8') in 0.009717 seconds
Number of updated asset objects reloaded before import = 0
Number of asset objects unloaded after import = 3
========================================================================
Received Import Request.
  Time since last request: 7.102261 seconds.
  path: Assets/Materials/GrassFloorMat.mat
  artifactKey: Guid(257a81e80de2bce48a8cdca08c34969f) Importer(815301076,1909f56bfc062723c751e8b465ee728b)
Start importing Assets/Materials/GrassFloorMat.mat using Guid(257a81e80de2bce48a8cdca08c34969f) Importer(815301076,1909f56bfc062723c751e8b465ee728b)  -> (artifact id: 'db7fb6f8a570be9e4e559a2b8618001c') in 0.010896 seconds
Number of updated asset objects reloaded before import = 0
Number of asset objects unloaded after import = 3
========================================================================
Received Import Request.
  Time since last request: 14.497951 seconds.
  path: Assets/Materials/InstructionsMat.mat
  artifactKey: Guid(c29bb82296dfc43489b5f234b583c5f9) Importer(815301076,1909f56bfc062723c751e8b465ee728b)
Start importing Assets/Materials/InstructionsMat.mat using Guid(c29bb82296dfc43489b5f234b583c5f9) Importer(815301076,1909f56bfc062723c751e8b465ee728b)  -> (artifact id: '2e9bbfd99d345028c47e30f6278936f5') in 0.010729 seconds
Number of updated asset objects reloaded before import = 0
Number of asset objects unloaded after import = 3
========================================================================
Received Import Request.
  Time since last request: 42.905166 seconds.
  path: Assets/Materials/KeyMat.mat
  artifactKey: Guid(51dcdbd2404ac3b458d68c27f4a81f5b) Importer(815301076,1909f56bfc062723c751e8b465ee728b)
Start importing Assets/Materials/KeyMat.mat using Guid(51dcdbd2404ac3b458d68c27f4a81f5b) Importer(815301076,1909f56bfc062723c751e8b465ee728b)  -> (artifact id: '6a2c327c9818918cafd11f3966ddd9a7') in 0.012625 seconds
Number of updated asset objects reloaded before import = 0
Number of asset objects unloaded after import = 3
========================================================================
Received Import Request.
  Time since last request: 14.539264 seconds.
  path: Assets/Materials/MetalMat.mat
  artifactKey: Guid(098d4b7dbe0a2724c8eb30da34cebdcf) Importer(815301076,1909f56bfc062723c751e8b465ee728b)
Start importing Assets/Materials/MetalMat.mat using Guid(098d4b7dbe0a2724c8eb30da34cebdcf) Importer(815301076,1909f56bfc062723c751e8b465ee728b)  -> (artifact id: 'df1b16ef91deebe720a0f4a3e61e307f') in 0.009948 seconds
Number of updated asset objects reloaded before import = 0
Number of asset objects unloaded after import = 2
========================================================================
Received Import Request.
  Time since last request: 6.205938 seconds.
  path: Assets/Materials/WoodenFloorMat.mat
  artifactKey: Guid(5dc4b71af826bc4408ca58a8fbd38a04) Importer(815301076,1909f56bfc062723c751e8b465ee728b)
Start importing Assets/Materials/WoodenFloorMat.mat using Guid(5dc4b71af826bc4408ca58a8fbd38a04) Importer(815301076,1909f56bfc062723c751e8b465ee728b)  -> (artifact id: '2e1fd46e56c34ff1f989bfeb7dd77f65') in 0.010372 seconds
Number of updated asset objects reloaded before import = 0
Number of asset objects unloaded after import = 3
========================================================================
Received Import Request.
  Time since last request: 92.693597 seconds.
  path: Assets/Materials/artworks-000130927930-vgw37z-t500x500.mat
  artifactKey: Guid(15232c552ecc1db4696421fc38febefb) Importer(815301076,1909f56bfc062723c751e8b465ee728b)
Start importing Assets/Materials/artworks-000130927930-vgw37z-t500x500.mat using Guid(15232c552ecc1db4696421fc38febefb) Importer(815301076,1909f56bfc062723c751e8b465ee728b)  -> (artifact id: '38c5395c3db8d038333426366d9fe046') in 0.010115 seconds
Number of updated asset objects reloaded before import = 0
Number of asset objects unloaded after import = 2
========================================================================
Received Import Request.
  Time since last request: 36.347908 seconds.
  path: Assets/Materials/BathroomMat.mat
  artifactKey: Guid(14ec2b5ea6d8bfb4f906af67a6a584e2) Importer(815301076,1909f56bfc062723c751e8b465ee728b)
Start importing Assets/Materials/BathroomMat.mat using Guid(14ec2b5ea6d8bfb4f906af67a6a584e2) Importer(815301076,1909f56bfc062723c751e8b465ee728b)  -> (artifact id: '9e68f086cfb59be393b03cae1ff0f18a') in 0.014715 seconds
Number of updated asset objects reloaded before import = 0
Number of asset objects unloaded after import = 3
========================================================================
Received Prepare
Begin MonoManager ReloadAssembly
- Loaded All Assemblies, in  0.777 seconds
Refreshing native plugins compatible for Editor in 5.65 ms, found 3 plugins.
Native extension for WindowsStandalone target not found
[Package Manager] Server::EnsureServerProcessIsRunning -- launch failed, reason: Unity was launched with the -noUpm command-line argument
[Package Manager] UpmClient::Send -- Unable to send message (not connected to UPM process).
[Package Manager] Cannot connect to Unity Package Manager local server
Mono: successfully reloaded assembly
- Finished resetting the current domain, in  2.263 seconds
Domain Reload Profiling: 3039ms
	BeginReloadAssembly (261ms)
		ExecutionOrderSort (0ms)
		DisableScriptedObjects (18ms)
		BackupInstance (0ms)
		ReleaseScriptingObjects (0ms)
		CreateAndSetChildDomain (58ms)
	RebuildCommonClasses (52ms)
	RebuildNativeTypeToScriptingClass (24ms)
	initialDomainReloadingComplete (38ms)
	LoadAllAssembliesAndSetupDomain (400ms)
		LoadAssemblies (495ms)
		RebuildTransferFunctionScriptingTraits (0ms)
		AnalyzeDomain (30ms)
			TypeCache.Refresh (7ms)
				TypeCache.ScanAssembly (0ms)
			ScanForSourceGeneratedMonoScriptInfo (0ms)
			ResolveRequiredComponents (21ms)
	FinalizeReload (2264ms)
		ReleaseScriptCaches (0ms)
		RebuildScriptCaches (0ms)
		SetupLoadedEditorAssemblies (1194ms)
			LogAssemblyErrors (0ms)
			InitializePlatformSupportModulesInManaged (8ms)
			SetLoadedEditorAssemblies (7ms)
			RefreshPlugins (0ms)
			BeforeProcessingInitializeOnLoad (242ms)
			ProcessInitializeOnLoadAttributes (839ms)
			ProcessInitializeOnLoadMethodAttributes (94ms)
			AfterProcessingInitializeOnLoad (5ms)
			EditorAssembliesLoaded (0ms)
		ExecutionOrderSort2 (0ms)
		AwakeInstancesAfterBackupRestoration (35ms)
Refreshing native plugins compatible for Editor in 5.21 ms, found 3 plugins.
Preloading 0 native plugins for Editor in 0.00 ms.
Unloading 5148 Unused Serialized files (Serialized files now loaded: 0)
Unloading 43 unused Assets / (387.8 KB). Loaded Objects now: 5867.
Memory consumption went from 194.4 MB to 194.0 MB.
Total: 5.248600 ms (FindLiveObjects: 0.523900 ms CreateObjectMapping: 0.293800 ms MarkObjects: 4.179800 ms  DeleteObjects: 0.249800 ms)

Prepare: number of updated asset objects reloaded= 0
AssetImportParameters requested are different than current active one (requested -> active):
  custom:container-demuxer-ogg: 62fdf1f143b41e24485cea50d1cbac27 -> 
  custom:video-decoder-ogg-theora: a1e56fd34408186e4bbccfd4996cb3dc -> 
  custom:framework-win-MediaFoundation: 216162199b28c13a410421893ffa2e32 -> 
  custom:CustomObjectIndexerAttribute: a3ef5dd2817f97addfee359851a9dba5 -> 
  custom:container-demuxer-webm: 4f35f7cbe854078d1ac9338744f61a02 -> 
  custom:container-muxer-webm: aa71ff27fc2769a1b78a27578f13a17b -> 
  custom:video-decoder-webm-vp8: 9c59270c3fd7afecdb556c50c9e8de78 -> 
  custom:SearchIndexIgnoredProperties: e643bd26f0fe6173181afceb89e7c659 -> 
  custom:AudioImporter_EditorPlatform: d09bf68614088b80899f8185d706f6e7 -> 
  custom:video-encoder-webm-vp8: eb34c28f22e8b96e1ab97ce403110664 -> 
  custom:audio-decoder-ogg-vorbis: bf7c407c2cedff20999df2af8eb42d56 -> 
  custom:audio-encoder-webm-vorbis: bf7c407c2cedff20999df2af8eb42d56 -> 
========================================================================
Received Prepare
Begin MonoManager ReloadAssembly
- Loaded All Assemblies, in  0.730 seconds
Refreshing native plugins compatible for Editor in 4.17 ms, found 3 plugins.
Native extension for WindowsStandalone target not found
[Package Manager] Server::EnsureServerProcessIsRunning -- launch failed, reason: Unity was launched with the -noUpm command-line argument
[Package Manager] UpmClient::Send -- Unable to send message (not connected to UPM process).
[Package Manager] Cannot connect to Unity Package Manager local server
Mono: successfully reloaded assembly
- Finished resetting the current domain, in  2.281 seconds
Domain Reload Profiling: 3010ms
	BeginReloadAssembly (245ms)
		ExecutionOrderSort (0ms)
		DisableScriptedObjects (7ms)
		BackupInstance (0ms)
		ReleaseScriptingObjects (0ms)
		CreateAndSetChildDomain (57ms)
	RebuildCommonClasses (61ms)
	RebuildNativeTypeToScriptingClass (14ms)
	initialDomainReloadingComplete (39ms)
	LoadAllAssembliesAndSetupDomain (369ms)
		LoadAssemblies (479ms)
		RebuildTransferFunctionScriptingTraits (0ms)
		AnalyzeDomain (24ms)
			TypeCache.Refresh (8ms)
				TypeCache.ScanAssembly (0ms)
			ScanForSourceGeneratedMonoScriptInfo (0ms)
			ResolveRequiredComponents (15ms)
	FinalizeReload (2282ms)
		ReleaseScriptCaches (0ms)
		RebuildScriptCaches (0ms)
		SetupLoadedEditorAssemblies (1187ms)
			LogAssemblyErrors (0ms)
			InitializePlatformSupportModulesInManaged (9ms)
			SetLoadedEditorAssemblies (9ms)
			RefreshPlugins (0ms)
			BeforeProcessingInitializeOnLoad (223ms)
			ProcessInitializeOnLoadAttributes (849ms)
			ProcessInitializeOnLoadMethodAttributes (92ms)
			AfterProcessingInitializeOnLoad (6ms)
			EditorAssembliesLoaded (0ms)
		ExecutionOrderSort2 (0ms)
		AwakeInstancesAfterBackupRestoration (36ms)
Refreshing native plugins compatible for Editor in 5.32 ms, found 3 plugins.
Preloading 0 native plugins for Editor in 0.00 ms.
Unloading 5148 Unused Serialized files (Serialized files now loaded: 0)
Unloading 42 unused Assets / (386.4 KB). Loaded Objects now: 5871.
Memory consumption went from 196.2 MB to 195.9 MB.
Total: 6.109600 ms (FindLiveObjects: 0.603100 ms CreateObjectMapping: 0.212400 ms MarkObjects: 5.053500 ms  DeleteObjects: 0.238600 ms)

Prepare: number of updated asset objects reloaded= 0
AssetImportParameters requested are different than current active one (requested -> active):
  custom:container-demuxer-ogg: 62fdf1f143b41e24485cea50d1cbac27 -> 
  custom:video-decoder-ogg-theora: a1e56fd34408186e4bbccfd4996cb3dc -> 
  custom:framework-win-MediaFoundation: 216162199b28c13a410421893ffa2e32 -> 
  custom:CustomObjectIndexerAttribute: a3ef5dd2817f97addfee359851a9dba5 -> 
  custom:container-demuxer-webm: 4f35f7cbe854078d1ac9338744f61a02 -> 
  custom:container-muxer-webm: aa71ff27fc2769a1b78a27578f13a17b -> 
  custom:video-decoder-webm-vp8: 9c59270c3fd7afecdb556c50c9e8de78 -> 
  custom:SearchIndexIgnoredProperties: e643bd26f0fe6173181afceb89e7c659 -> 
  custom:AudioImporter_EditorPlatform: d09bf68614088b80899f8185d706f6e7 -> 
  custom:video-encoder-webm-vp8: eb34c28f22e8b96e1ab97ce403110664 -> 
  custom:audio-decoder-ogg-vorbis: bf7c407c2cedff20999df2af8eb42d56 -> 
  custom:audio-encoder-webm-vorbis: bf7c407c2cedff20999df2af8eb42d56 -> 
========================================================================
Received Import Request.
  Time since last request: 898.514317 seconds.
  path: Assets/Materials/LockMat.mat
  artifactKey: Guid(383fa443b4c7a014ba4a5e5fb08b5052) Importer(815301076,1909f56bfc062723c751e8b465ee728b)
Start importing Assets/Materials/LockMat.mat using Guid(383fa443b4c7a014ba4a5e5fb08b5052) Importer(815301076,1909f56bfc062723c751e8b465ee728b)  -> (artifact id: '548a2106bef89bc724d2c1e23e7666c1') in 0.413096 seconds
Number of updated asset objects reloaded before import = 0
Number of asset objects unloaded after import = 21
========================================================================
Received Import Request.
  Time since last request: 30.302678 seconds.
  path: Assets/Materials/LockMat.mat
  artifactKey: Guid(383fa443b4c7a014ba4a5e5fb08b5052) Importer(815301076,1909f56bfc062723c751e8b465ee728b)
Start importing Assets/Materials/LockMat.mat using Guid(383fa443b4c7a014ba4a5e5fb08b5052) Importer(815301076,1909f56bfc062723c751e8b465ee728b)  -> (artifact id: 'f1ff2bbcbf09d0891ed00b44c2a9e6b8') in 0.010157 seconds
Number of updated asset objects reloaded before import = 0
Number of asset objects unloaded after import = 2
========================================================================
Received Prepare
Begin MonoManager ReloadAssembly
- Loaded All Assemblies, in  0.764 seconds
Refreshing native plugins compatible for Editor in 5.88 ms, found 3 plugins.
Native extension for WindowsStandalone target not found
[Package Manager] Server::EnsureServerProcessIsRunning -- launch failed, reason: Unity was launched with the -noUpm command-line argument
[Package Manager] UpmClient::Send -- Unable to send message (not connected to UPM process).
[Package Manager] Cannot connect to Unity Package Manager local server
Mono: successfully reloaded assembly
- Finished resetting the current domain, in  2.219 seconds
Domain Reload Profiling: 2982ms
	BeginReloadAssembly (260ms)
		ExecutionOrderSort (0ms)
		DisableScriptedObjects (19ms)
		BackupInstance (0ms)
		ReleaseScriptingObjects (0ms)
		CreateAndSetChildDomain (69ms)
	RebuildCommonClasses (50ms)
	RebuildNativeTypeToScriptingClass (22ms)
	initialDomainReloadingComplete (47ms)
	LoadAllAssembliesAndSetupDomain (383ms)
		LoadAssemblies (476ms)
		RebuildTransferFunctionScriptingTraits (0ms)
		AnalyzeDomain (30ms)
			TypeCache.Refresh (9ms)
				TypeCache.ScanAssembly (0ms)
			ScanForSourceGeneratedMonoScriptInfo (0ms)
			ResolveRequiredComponents (19ms)
	FinalizeReload (2220ms)
		ReleaseScriptCaches (0ms)
		RebuildScriptCaches (0ms)
		SetupLoadedEditorAssemblies (1174ms)
			LogAssemblyErrors (0ms)
			InitializePlatformSupportModulesInManaged (7ms)
			SetLoadedEditorAssemblies (7ms)
			RefreshPlugins (0ms)
			BeforeProcessingInitializeOnLoad (217ms)
			ProcessInitializeOnLoadAttributes (850ms)
			ProcessInitializeOnLoadMethodAttributes (88ms)
			AfterProcessingInitializeOnLoad (6ms)
			EditorAssembliesLoaded (0ms)
		ExecutionOrderSort2 (0ms)
		AwakeInstancesAfterBackupRestoration (39ms)
Refreshing native plugins compatible for Editor in 5.82 ms, found 3 plugins.
Preloading 0 native plugins for Editor in 0.00 ms.
Unloading 5148 Unused Serialized files (Serialized files now loaded: 0)
Unloading 42 unused Assets / (386.5 KB). Loaded Objects now: 5911.
Memory consumption went from 198.3 MB to 197.9 MB.
Total: 6.612500 ms (FindLiveObjects: 0.668800 ms CreateObjectMapping: 0.546000 ms MarkObjects: 5.062700 ms  DeleteObjects: 0.333200 ms)

Prepare: number of updated asset objects reloaded= 0
AssetImportParameters requested are different than current active one (requested -> active):
  custom:container-demuxer-ogg: 62fdf1f143b41e24485cea50d1cbac27 -> 
  custom:video-decoder-ogg-theora: a1e56fd34408186e4bbccfd4996cb3dc -> 
  custom:framework-win-MediaFoundation: 216162199b28c13a410421893ffa2e32 -> 
  custom:CustomObjectIndexerAttribute: a3ef5dd2817f97addfee359851a9dba5 -> 
  custom:container-demuxer-webm: 4f35f7cbe854078d1ac9338744f61a02 -> 
  custom:container-muxer-webm: aa71ff27fc2769a1b78a27578f13a17b -> 
  custom:video-decoder-webm-vp8: 9c59270c3fd7afecdb556c50c9e8de78 -> 
  custom:SearchIndexIgnoredProperties: e643bd26f0fe6173181afceb89e7c659 -> 
  custom:AudioImporter_EditorPlatform: d09bf68614088b80899f8185d706f6e7 -> 
  custom:video-encoder-webm-vp8: eb34c28f22e8b96e1ab97ce403110664 -> 
  custom:audio-decoder-ogg-vorbis: bf7c407c2cedff20999df2af8eb42d56 -> 
  custom:audio-encoder-webm-vorbis: bf7c407c2cedff20999df2af8eb42d56 -> 
========================================================================
Received Import Request.
  Time since last request: 197.695649 seconds.
  path: Assets/Models/banheiro.fbx
  artifactKey: Guid(5bdd796bc9a3f9d4d9a6d6011d87db55) Importer(815301076,1909f56bfc062723c751e8b465ee728b)
Start importing Assets/Models/banheiro.fbx using Guid(5bdd796bc9a3f9d4d9a6d6011d87db55) Importer(815301076,1909f56bfc062723c751e8b465ee728b)  -> (artifact id: 'eb5aa42f741b13aa57701d194d13e57a') in 0.488525 seconds
Number of updated asset objects reloaded before import = 0
Number of asset objects unloaded after import = 55
========================================================================
Received Import Request.
  Time since last request: 5.365044 seconds.
  path: Assets/Models/apple.fbx
  artifactKey: Guid(00a124bf075906e4fa283fa8796067e4) Importer(815301076,1909f56bfc062723c751e8b465ee728b)
Start importing Assets/Models/apple.fbx using Guid(00a124bf075906e4fa283fa8796067e4) Importer(815301076,1909f56bfc062723c751e8b465ee728b)  -> (artifact id: '4ce72c37f6b1048738dff8568099a2a8') in 0.140206 seconds
Number of updated asset objects reloaded before import = 0
Number of asset objects unloaded after import = 10
========================================================================
Received Import Request.
  Time since last request: 33.971973 seconds.
  path: Assets/Models/apple.fbx
  artifactKey: Guid(00a124bf075906e4fa283fa8796067e4) Importer(815301076,1909f56bfc062723c751e8b465ee728b)
Start importing Assets/Models/apple.fbx using Guid(00a124bf075906e4fa283fa8796067e4) Importer(815301076,1909f56bfc062723c751e8b465ee728b)  -> (artifact id: '196c315ad8ebf6d80516f7be92bed42c') in 0.021471 seconds
Number of updated asset objects reloaded before import = 0
Number of asset objects unloaded after import = 10
========================================================================
Received Import Request.
  Time since last request: 6.662035 seconds.
  path: Assets/Models/apple.fbx
  artifactKey: Guid(00a124bf075906e4fa283fa8796067e4) Importer(815301076,1909f56bfc062723c751e8b465ee728b)
Start importing Assets/Models/apple.fbx using Guid(00a124bf075906e4fa283fa8796067e4) Importer(815301076,1909f56bfc062723c751e8b465ee728b)  -> (artifact id: '1cdc4dfa5d6f9858fb9f4da5e938f74f') in 0.021735 seconds
Number of updated asset objects reloaded before import = 0
Number of asset objects unloaded after import = 10
========================================================================
Received Import Request.
  Time since last request: 21.267841 seconds.
  path: Assets/Models/apple.fbx
  artifactKey: Guid(00a124bf075906e4fa283fa8796067e4) Importer(815301076,1909f56bfc062723c751e8b465ee728b)
Start importing Assets/Models/apple.fbx using Guid(00a124bf075906e4fa283fa8796067e4) Importer(815301076,1909f56bfc062723c751e8b465ee728b)  -> (artifact id: 'beae0453437e88cc962377bfefe6961e') in 0.021451 seconds
Number of updated asset objects reloaded before import = 0
Number of asset objects unloaded after import = 10
========================================================================
Received Import Request.
  Time since last request: 60.136306 seconds.
  path: Assets/Materials/apple_texture.mat
  artifactKey: Guid(9e71bb09bf7c90f40bf5e67f033d5954) Importer(815301076,1909f56bfc062723c751e8b465ee728b)
Start importing Assets/Materials/apple_texture.mat using Guid(9e71bb09bf7c90f40bf5e67f033d5954) Importer(815301076,1909f56bfc062723c751e8b465ee728b)  -> (artifact id: 'c82e353a1174ab2fa9581e2e45e6ee3e') in 0.009563 seconds
Number of updated asset objects reloaded before import = 0
Number of asset objects unloaded after import = 3
========================================================================
Received Import Request.
  Time since last request: 22.394535 seconds.
  path: Assets/Materials/AppleMat.mat
  artifactKey: Guid(9e71bb09bf7c90f40bf5e67f033d5954) Importer(815301076,1909f56bfc062723c751e8b465ee728b)
Start importing Assets/Materials/AppleMat.mat using Guid(9e71bb09bf7c90f40bf5e67f033d5954) Importer(815301076,1909f56bfc062723c751e8b465ee728b)  -> (artifact id: 'b999297dc0d4d3c2c0be4543fde20a57') in 0.009895 seconds
Number of updated asset objects reloaded before import = 0
Number of asset objects unloaded after import = 3
========================================================================
Received Import Request.
  Time since last request: 11.072047 seconds.
  path: Assets/Textures/AppleTex.png
  artifactKey: Guid(54a6f19064199a84c86025e1d352ad48) Importer(815301076,1909f56bfc062723c751e8b465ee728b)
Start importing Assets/Textures/AppleTex.png using Guid(54a6f19064199a84c86025e1d352ad48) Importer(815301076,1909f56bfc062723c751e8b465ee728b)  -> (artifact id: '31485c9db553be3c9787c14f79e2c3a6') in 0.020274 seconds
Number of updated asset objects reloaded before import = 0
Number of asset objects unloaded after import = 2
========================================================================
Received Import Request.
  Time since last request: 367.427319 seconds.
  path: Assets/Models/apple.fbx
  artifactKey: Guid(00a124bf075906e4fa283fa8796067e4) Importer(815301076,1909f56bfc062723c751e8b465ee728b)
Start importing Assets/Models/apple.fbx using Guid(00a124bf075906e4fa283fa8796067e4) Importer(815301076,1909f56bfc062723c751e8b465ee728b)  -> (artifact id: 'd54718a8417b438cdd43f944bee49254') in 0.021951 seconds
Number of updated asset objects reloaded before import = 0
Number of asset objects unloaded after import = 9
========================================================================
Received Prepare
Begin MonoManager ReloadAssembly
- Loaded All Assemblies, in  0.828 seconds
Refreshing native plugins compatible for Editor in 4.71 ms, found 3 plugins.
Native extension for WindowsStandalone target not found
[Package Manager] Server::EnsureServerProcessIsRunning -- launch failed, reason: Unity was launched with the -noUpm command-line argument
[Package Manager] UpmClient::Send -- Unable to send message (not connected to UPM process).
[Package Manager] Cannot connect to Unity Package Manager local server
Mono: successfully reloaded assembly
- Finished resetting the current domain, in  2.296 seconds
Domain Reload Profiling: 3123ms
	BeginReloadAssembly (270ms)
		ExecutionOrderSort (0ms)
		DisableScriptedObjects (17ms)
		BackupInstance (0ms)
		ReleaseScriptingObjects (0ms)
		CreateAndSetChildDomain (64ms)
	RebuildCommonClasses (57ms)
	RebuildNativeTypeToScriptingClass (19ms)
	initialDomainReloadingComplete (45ms)
	LoadAllAssembliesAndSetupDomain (435ms)
		LoadAssemblies (545ms)
		RebuildTransferFunctionScriptingTraits (0ms)
		AnalyzeDomain (27ms)
			TypeCache.Refresh (8ms)
				TypeCache.ScanAssembly (0ms)
			ScanForSourceGeneratedMonoScriptInfo (0ms)
			ResolveRequiredComponents (17ms)
	FinalizeReload (2296ms)
		ReleaseScriptCaches (0ms)
		RebuildScriptCaches (0ms)
		SetupLoadedEditorAssemblies (1221ms)
			LogAssemblyErrors (0ms)
			InitializePlatformSupportModulesInManaged (8ms)
			SetLoadedEditorAssemblies (8ms)
			RefreshPlugins (0ms)
			BeforeProcessingInitializeOnLoad (224ms)
			ProcessInitializeOnLoadAttributes (882ms)
			ProcessInitializeOnLoadMethodAttributes (94ms)
			AfterProcessingInitializeOnLoad (5ms)
			EditorAssembliesLoaded (0ms)
		ExecutionOrderSort2 (0ms)
		AwakeInstancesAfterBackupRestoration (40ms)
Refreshing native plugins compatible for Editor in 5.14 ms, found 3 plugins.
Preloading 0 native plugins for Editor in 0.00 ms.
Unloading 5148 Unused Serialized files (Serialized files now loaded: 0)
Unloading 42 unused Assets / (386.8 KB). Loaded Objects now: 5957.
Memory consumption went from 202.1 MB to 201.7 MB.
Total: 8.461600 ms (FindLiveObjects: 0.946600 ms CreateObjectMapping: 0.734700 ms MarkObjects: 6.337400 ms  DeleteObjects: 0.440800 ms)

Prepare: number of updated asset objects reloaded= 0
AssetImportParameters requested are different than current active one (requested -> active):
  custom:container-demuxer-ogg: 62fdf1f143b41e24485cea50d1cbac27 -> 
  custom:video-decoder-ogg-theora: a1e56fd34408186e4bbccfd4996cb3dc -> 
  custom:framework-win-MediaFoundation: 216162199b28c13a410421893ffa2e32 -> 
  custom:CustomObjectIndexerAttribute: a3ef5dd2817f97addfee359851a9dba5 -> 
  custom:container-demuxer-webm: 4f35f7cbe854078d1ac9338744f61a02 -> 
  custom:container-muxer-webm: aa71ff27fc2769a1b78a27578f13a17b -> 
  custom:video-decoder-webm-vp8: 9c59270c3fd7afecdb556c50c9e8de78 -> 
  custom:SearchIndexIgnoredProperties: e643bd26f0fe6173181afceb89e7c659 -> 
  custom:AudioImporter_EditorPlatform: d09bf68614088b80899f8185d706f6e7 -> 
  custom:video-encoder-webm-vp8: eb34c28f22e8b96e1ab97ce403110664 -> 
  custom:audio-decoder-ogg-vorbis: bf7c407c2cedff20999df2af8eb42d56 -> 
  custom:audio-encoder-webm-vorbis: bf7c407c2cedff20999df2af8eb42d56 -> 
